This is pdfTeXk, Version 3.141592-1.40.3 (Web2C 7.5.6) (format=latex 2008.11.4)  19 MAR 2009 15:30
entering extended mode
 %&-line parsing enabled.
**./images.tex
(./images.tex
LaTeX2e <2005/12/01>
Babel <v3.8h> and hyphenation patterns for english, usenglishmax, dumylang, noh
yphenation, croatian, ukrainian, russian, bulgarian, czech, slovak, danish, dut
ch, finnish, basque, french, german, ngerman, ibycus, greek, monogreek, ancient
greek, hungarian, italian, latin, mongolian, norsk, icelandic, interlingua, tur
kish, coptic, romanian, welsh, serbian, slovenian, estonian, esperanto, upperso
rbian, indonesian, polish, portuguese, spanish, catalan, galician, swedish, loa
ded.

(/usr/share/texmf-texlive/tex/latex/base/book.cls
Document Class: book 2005/09/16 v1.4f Standard LaTeX document class
(/usr/share/texmf-texlive/tex/latex/base/bk10.clo
File: bk10.clo 2005/09/16 v1.4f Standard LaTeX file (size option)
)
\c@part=\count79
\c@chapter=\count80
\c@section=\count81
\c@subsection=\count82
\c@subsubsection=\count83
\c@paragraph=\count84
\c@subparagraph=\count85
\c@figure=\count86
\c@table=\count87
\abovecaptionskip=\skip41
\belowcaptionskip=\skip42
\bibindent=\dimen102
) (/usr/share/texmf-texlive/tex/latex/base/ifthen.sty
Package: ifthen 2001/05/26 v1.1c Standard LaTeX ifthen package (DPC)
) (/usr/share/texmf-texlive/tex/latex/base/fontenc.sty
Package: fontenc 2005/09/27 v1.99g Standard LaTeX package
(/usr/share/texmf-texlive/tex/latex/base/t1enc.def
File: t1enc.def 2005/09/27 v1.99g Standard LaTeX file
LaTeX Font Info:    Redeclaring font encoding T1 on input line 43.
)) (/usr/share/texmf-texlive/tex/latex/base/inputenc.sty
Package: inputenc 2006/05/05 v1.1b Input encoding file
\inpenc@prehook=\toks14
\inpenc@posthook=\toks15
(/usr/share/texmf/tex/latex/html/latin9.def
File: latin1.def 1998/03/05 v0.97 Input encoding file(test version: still liabl
e to change)
)) (/usr/share/texmf-texlive/tex/latex/geometry/geometry.sty
Package: geometry 2002/07/08 v3.2 Page Geometry
(/usr/share/texmf-texlive/tex/latex/graphics/keyval.sty
Package: keyval 1999/03/16 v1.13 key=value parser (DPC)
\KV@toks@=\toks16
)
\Gm@cnth=\count88
\Gm@cntv=\count89
\c@Gm@tempcnt=\count90
\Gm@bindingoffset=\dimen103
\Gm@wd@mp=\dimen104
\Gm@odd@mp=\dimen105
\Gm@even@mp=\dimen106
\Gm@dimlist=\toks17
) (/usr/share/texmf-texlive/tex/latex/tools/array.sty
Package: array 2005/08/23 v2.4b Tabular extension package (FMi)
\col@sep=\dimen107
\extrarowheight=\dimen108
\NC@list=\toks18
\extratabsurround=\skip43
\backup@length=\skip44
) (/usr/share/texmf-texlive/tex/latex/float/float.sty
Package: float 2001/11/08 v1.3d Float enhancements (AL)
\c@float@type=\count91
\float@exts=\toks19
\float@box=\box26
\@float@everytoks=\toks20
\@floatcapt=\box27
) (/usr/share/texmf-texlive/tex/latex/amsmath/amsmath.sty
Package: amsmath 2000/07/18 v2.13 AMS math features
\@mathmargin=\skip45
For additional information on amsmath, use the `?' option.
(/usr/share/texmf-texlive/tex/latex/amsmath/amstext.sty
Package: amstext 2000/06/29 v2.01
(/usr/share/texmf-texlive/tex/latex/amsmath/amsgen.sty
File: amsgen.sty 1999/11/30 v2.0
\@emptytoks=\toks21
\ex@=\dimen109
)) (/usr/share/texmf-texlive/tex/latex/amsmath/amsbsy.sty
Package: amsbsy 1999/11/29 v1.2d
\pmbraise@=\dimen110
) (/usr/share/texmf-texlive/tex/latex/amsmath/amsopn.sty
Package: amsopn 1999/12/14 v2.01 operator names
)
\inf@bad=\count92
LaTeX Info: Redefining \frac on input line 211.
\uproot@=\count93
\leftroot@=\count94
LaTeX Info: Redefining \overline on input line 307.
\classnum@=\count95
\DOTSCASE@=\count96
LaTeX Info: Redefining \ldots on input line 379.
LaTeX Info: Redefining \dots on input line 382.
LaTeX Info: Redefining \cdots on input line 467.
\Mathstrutbox@=\box28
\strutbox@=\box29
\big@size=\dimen111
LaTeX Font Info:    Redeclaring font encoding OML on input line 567.
LaTeX Font Info:    Redeclaring font encoding OMS on input line 568.
\macc@depth=\count97
\c@MaxMatrixCols=\count98
\dotsspace@=\muskip10
\c@parentequation=\count99
\dspbrk@lvl=\count100
\tag@help=\toks22
\row@=\count101
\column@=\count102
\maxfields@=\count103
\andhelp@=\toks23
\eqnshift@=\dimen112
\alignsep@=\dimen113
\tagshift@=\dimen114
\tagwidth@=\dimen115
\totwidth@=\dimen116
\lineht@=\dimen117
\@envbody=\toks24
\multlinegap=\skip46
\multlinetaggap=\skip47
\mathdisplay@stack=\toks25
LaTeX Info: Redefining \[ on input line 2666.
LaTeX Info: Redefining \] on input line 2667.
) (/usr/share/texmf-texlive/tex/latex/graphics/graphicx.sty
Package: graphicx 1999/02/16 v1.0f Enhanced LaTeX Graphics (DPC,SPQR)
(/usr/share/texmf-texlive/tex/latex/graphics/graphics.sty
Package: graphics 2006/02/20 v1.0o Standard LaTeX Graphics (DPC,SPQR)
(/usr/share/texmf-texlive/tex/latex/graphics/trig.sty
Package: trig 1999/03/16 v1.09 sin cos tan (DPC)
) (/etc/texmf/tex/latex/config/graphics.cfg
File: graphics.cfg 2007/01/18 v1.5 graphics configuration of teTeX/TeXLive
)
Package graphics Info: Driver file: dvips.def on input line 90.
(/usr/share/texmf-texlive/tex/latex/graphics/dvips.def
File: dvips.def 1999/02/16 v3.0i Driver-dependant file (DPC,SPQR)
))
\Gin@req@height=\dimen118
\Gin@req@width=\dimen119
) (/usr/share/texmf-texlive/tex/latex/esint/esint.sty
Package: esint 
\symlargesymbolsA=\mathgroup4
) (/usr/share/texmf/tex/latex/html/html.sty
Package: html 1999/07/19 v1.38 hypertext commands for latex2html (nd, hws, rrm)

\c@lpart=\count104
\c@lchapter=\count105
\c@lsection=\count106
\c@lsubsection=\count107
\c@lsubsubsection=\count108
\c@lparagraph=\count109
\c@lsubparagraph=\count110
\c@lsubsubparagraph=\count111
\ptrfile=\write3
) (/usr/share/texmf-texlive/tex/generic/babel/babel.sty
Package: babel 2005/11/23 v3.8h The Babel package
(/usr/share/texmf-texlive/tex/generic/babel/english.ldf
Language: english 2005/03/30 v3.3o English support from the babel system
(/usr/share/texmf-texlive/tex/generic/babel/babel.def
File: babel.def 2005/11/23 v3.8h Babel common definitions
\babel@savecnt=\count112
\U@D=\dimen120
)
\l@british = a dialect from \language\l@english 
\l@UKenglish = a dialect from \language\l@english 
\l@canadian = a dialect from \language\l@american 
\l@australian = a dialect from \language\l@british 
\l@newzealand = a dialect from \language\l@british 
)) (/usr/share/texmf-texlive/tex/latex/graphics/color.sty
Package: color 2005/11/14 v1.0j Standard LaTeX Color (DPC)
(/etc/texmf/tex/latex/config/color.cfg
File: color.cfg 2007/01/18 v1.5 color configuration of teTeX/TeXLive
)
Package color Info: Driver file: dvips.def on input line 130.
(/usr/share/texmf-texlive/tex/latex/graphics/dvipsnam.def
File: dvipsnam.def 1999/02/16 v3.0i Driver-dependant file (DPC,SPQR)
))
\sizebox=\box30
\lthtmlwrite=\write4
(./images.aux)
\openout1 = `images.aux'.

LaTeX Font Info:    Checking defaults for OML/cmm/m/it on input line 163.
LaTeX Font Info:    ... okay on input line 163.
LaTeX Font Info:    Checking defaults for T1/cmr/m/n on input line 163.
LaTeX Font Info:    ... okay on input line 163.
LaTeX Font Info:    Checking defaults for OT1/cmr/m/n on input line 163.
LaTeX Font Info:    ... okay on input line 163.
LaTeX Font Info:    Checking defaults for OMS/cmsy/m/n on input line 163.
LaTeX Font Info:    ... okay on input line 163.
LaTeX Font Info:    Checking defaults for OMX/cmex/m/n on input line 163.
LaTeX Font Info:    ... okay on input line 163.
LaTeX Font Info:    Checking defaults for U/cmr/m/n on input line 163.
LaTeX Font Info:    ... okay on input line 163.

Package geometry Warning: The marginal notes would fall off the page.
     Add 3.73001pt and more to the right margin.

-------------------- Geometry parameters
paper: letterpaper
landscape: --
twocolumn: --
twoside: --
asymmetric: --
h-parts: 72.26999pt, 469.75502pt, 72.26999pt
v-parts: 72.26999pt, 650.43001pt, 72.26999pt
hmarginratio: --
vmarginratio: --
lines: --
heightrounded: --
bindingoffset: 0.0pt
truedimen: --
includehead: --
includefoot: --
includemp: --
driver: 
-------------------- Page layout dimensions and switches
\paperwidth  614.295pt
\paperheight 794.96999pt
\textwidth  468.0pt
\textheight 504.0pt
\oddsidemargin  0.0pt
\evensidemargin 0.0pt
\topmargin  0.0pt
\headheight 0.0pt
\headsep    0.0pt
\footskip   0.0pt
\marginparwidth 69.0pt
\marginparsep   7.0pt
\columnsep  10.0pt
\skip\footins  9.0pt plus 4.0pt minus 2.0pt
\hoffset 0.0pt
\voffset 0.0pt
\mag 1000

(1in=72.27pt, 1cm=28.45pt)
-----------------------

latex2htmlLength hsize=468.0pt

latex2htmlLength vsize=504.0pt

latex2htmlLength hoffset=0.0pt

latex2htmlLength voffset=0.0pt

latex2htmlLength topmargin=0.0pt

latex2htmlLength topskip=0.00003pt

latex2htmlLength headheight=0.0pt

latex2htmlLength headsep=0.0pt

latex2htmlLength parskip=0.0pt plus 1.0pt

latex2htmlLength oddsidemargin=0.0pt

latex2htmlLength evensidemargin=0.0pt

LaTeX Font Info:    Try loading font information for U+esint on input line 187.

(/usr/share/texmf-texlive/tex/latex/esint/uesint.fd
File: uesint.fd 
)
l2hSize :tex2html_wrap_inline15869:7.33331pt::7.33331pt::45.61517pt.
[1



]
l2hSize :tex2html_wrap_inline15873:7.33331pt::7.33331pt::35.62334pt.
[2


]
l2hSize :tex2html_wrap_inline16000:6.83331pt::0.0pt::8.17004pt.
[3


]
l2hSize :tex2html_wrap_inline16008:8.0pt::8.0pt::17.60408pt.
[4


]
l2hSize :tex2html_wrap_inline16010:6.45676pt::0.0pt::4.11101pt.
[5


]
l2hSize :tex2html_wrap_inline16012:10.25pt::10.25pt::23.31938pt.
[6


]
l2hSize :tex2html_wrap_inline16014:7.44444pt::7.44444pt::6.47215pt.
[7


]
l2hSize :tex2html_wrap_indisplay16016:14.65291pt::14.65291pt::116.2556pt.
[8


]
l2hSize :tex2html_wrap_inline16023:8.0pt::8.0pt::31.13875pt.
[9


]
l2hSize :tex2html_wrap_inline16027:8.0pt::8.0pt::54.6395pt.
[10


]
l2hSize :tex2html_wrap_inline16029:8.0pt::8.0pt::54.6395pt.
[11


]
l2hSize :tex2html_wrap_inline16031:7.44444pt::7.44444pt::9.4695pt.
[12


]
l2hSize :tex2html_wrap_inline16033:8.0pt::8.0pt::42.0374pt.
[13


]
l2hSize :tex2html_wrap_inline16035:6.45676pt::0.0pt::4.82745pt.
[14


]
l2hSize :tex2html_wrap_inline16037:6.83331pt::0.0pt::8.5867pt.
[15


]
l2hSize :tex2html_wrap_indisplay16043:8.0pt::8.0pt::41.69426pt.
[16


]
l2hSize :tex2html_wrap_indisplay16044:8.0pt::8.0pt::93.3718pt.
[17


]
l2hSize :tex2html_wrap_inline16046:8.0pt::8.0pt::28.65262pt.
[18


]
l2hSize :tex2html_wrap_inline16052:8.0pt::8.0pt::101.27179pt.
[19


]
l2hSize :tex2html_wrap_inline16054:7.36111pt::7.36111pt::17.2637pt.
[20


]
l2hSize :tex2html_wrap_inline16056:8.0pt::8.0pt::63.83751pt.
[21


]
l2hSize :tex2html_wrap_inline16060:7.33331pt::7.33331pt::13.03464pt.
[22


]
l2hSize :tex2html_wrap_inline16062:7.33331pt::7.33331pt::12.80666pt.
[23


]
l2hSize :tex2html_wrap_inline16064:6.95676pt::6.95676pt::10.49991pt.
[24


]
l2hSize :displaymath16134:55.0pt::0.0pt::468.0pt.
[25


]
l2hSize :tex2html_wrap_inline16137:8.0pt::8.0pt::49.01376pt.
[26


]
l2hSize :tex2html_wrap_inline16174:6.95676pt::6.95676pt::8.2777pt.
[27


]
l2hSize :tex2html_wrap_inline16176:6.95676pt::6.95676pt::8.2777pt.
[28


]
l2hSize :tex2html_wrap_indisplay16178:27.00024pt::27.00024pt::290.64847pt.
[29


]
l2hSize :tex2html_wrap_inline16180:6.45676pt::0.0pt::5.28926pt.
[30


]
l2hSize :tex2html_wrap_inline16182:6.94444pt::0.0pt::5.70476pt.
[31


]
l2hSize :tex2html_wrap_inline16184:6.45676pt::0.0pt::8.2777pt.
[32


]
File: Figure/example_pulse.eps Graphic file (type eps)
<Figure/example_pulse.eps>
l2hSize :tex2html_wrap16193:246.24957pt::0.0pt::468.0pt.
[33


]
File: Figure/example_comb.eps Graphic file (type eps)
<Figure/example_comb.eps>
l2hSize :tex2html_wrap16205:246.24957pt::0.0pt::468.0pt.
[34


]
l2hSize :tex2html_wrap_indisplay16218:14.09839pt::14.09839pt::201.0771pt.
[35


]
l2hSize :tex2html_wrap_inline16220:9.22066pt::9.22066pt::95.01825pt.
[36


]
l2hSize :tex2html_wrap_inline16222:11.09032pt::11.09032pt::42.66013pt.
[37


]
l2hSize :tex2html_wrap_inline16224:6.94444pt::0.0pt::5.3228pt.
[38


]
l2hSize :tex2html_wrap_inline16226:7.33331pt::7.33331pt::21.29114pt.
[39


]
l2hSize :tex2html_wrap_inline16228:7.33331pt::7.33331pt::11.7607pt.
[40


]
l2hSize :tex2html_wrap_inline16241:7.4512pt::7.4512pt::7.82736pt.
[41


]
l2hSize :tex2html_wrap_indisplay16247:7.33331pt::7.33331pt::20.07796pt.
[42


]
l2hSize :tex2html_wrap_indisplay16249:6.95676pt::6.95676pt::8.2777pt.
[43


]
l2hSize :tex2html_wrap_indisplay16251:14.09839pt::14.09839pt::197.48114pt.
[44


]
l2hSize :tex2html_wrap_indisplay16253:15.0001pt::15.0001pt::268.29672pt.
[45


]
l2hSize :tex2html_wrap_inline16255:10.44965pt::10.44965pt::110.90242pt.
[46


]
l2hSize :tex2html_wrap_inline16257:10.44965pt::10.44965pt::115.28609pt.
[47


]
l2hSize :tex2html_wrap_inline16259:7.09525pt::7.09525pt::13.5573pt.
[48


]
l2hSize :tex2html_wrap_inline16261:7.33331pt::7.33331pt::24.86488pt.
[49


]
l2hSize :tex2html_wrap_inline16273:6.95676pt::6.95676pt::6.52538pt.
[50


]
l2hSize :tex2html_wrap_inline16275:8.14003pt::0.0pt::4.98602pt.
[51


]
l2hSize :tex2html_wrap_inline16281:7.44444pt::7.44444pt::26.89569pt.
[52


]
l2hSize :tex2html_wrap_inline16320:8.0pt::8.0pt::21.04503pt.
[53


]
l2hSize :tex2html_wrap_inline16322:8.0pt::8.0pt::28.1423pt.
[54


]
l2hSize :tex2html_wrap_inline16324:7.44444pt::7.44444pt::6.68391pt.
[55


]
l2hSize :tex2html_wrap_inline16363:8.0pt::8.0pt::19.38882pt.
[56


]
l2hSize :tex2html_wrap_inline16365:10.03891pt::10.03891pt::88.04913pt.
[57


]
l2hSize :tex2html_wrap_inline16367:10.03891pt::10.03891pt::88.04913pt.
[58


]
l2hSize :tex2html_wrap_inline16369:6.83331pt::0.0pt::7.73254pt.
[59


]
l2hSize :tex2html_wrap_indisplay16371:8.0pt::8.0pt::27.62486pt.
[60


]
l2hSize :tex2html_wrap_indisplay16372:8.0pt::8.0pt::72.3298pt.
[61


]
l2hSize :tex2html_wrap_indisplay16393:8.0pt::8.0pt::31.42838pt.
[62


]
l2hSize :tex2html_wrap_indisplay16394:9.46901pt::9.46901pt::95.85144pt.
[63


]
l2hSize :tex2html_wrap_indisplay16398:8.0pt::8.0pt::33.63794pt.
[64


]
l2hSize :tex2html_wrap_indisplay16399:9.46901pt::9.46901pt::95.74034pt.
[65


]
File: Figure/eye_example.eps Graphic file (type eps)
<Figure/eye_example.eps>
l2hSize :tex2html_wrap16417:176.21588pt::0.0pt::468.0pt.
[66


]
LaTeX Font Info:    Try loading font information for T1+cmtt on input line 796.

(/usr/share/texmf-texlive/tex/latex/base/t1cmtt.fd
File: t1cmtt.fd 1999/05/25 v2.5h Standard LaTeX font definitions
)
l2hSize :tex2html_wrap_indisplay16447:7.44275pt::7.44275pt::89.7281pt.
[67


]
l2hSize :tex2html_wrap_indisplay16464:7.33331pt::7.33331pt::10.79158pt.
[68


]
l2hSize :tex2html_wrap_indisplay16468:7.33331pt::7.33331pt::100.95802pt.
[69


]
l2hSize :tex2html_wrap_indisplay16470:7.33331pt::7.33331pt::10.79158pt.
[70


]
l2hSize :tex2html_wrap_indisplay16474:7.33331pt::7.33331pt::100.95802pt.
[71


]
l2hSize :tex2html_wrap_inline16476:6.95676pt::6.95676pt::8.2777pt.
[72


]
l2hSize :tex2html_wrap_inline16478:7.33331pt::7.33331pt::13.27075pt.
[73


]
l2hSize :tex2html_wrap_inline16480:7.33331pt::7.33331pt::13.27075pt.
[74


]
l2hSize :tex2html_wrap_inline16482:7.33331pt::7.33331pt::10.79158pt.
[75


]
l2hSize :tex2html_wrap_inline16484:7.33331pt::7.33331pt::10.79158pt.
[76


]
l2hSize :tex2html_wrap_inline16486:7.33331pt::7.33331pt::20.60173pt.
[77


]
File: Figure/avg_energy.eps Graphic file (type eps)
<Figure/avg_energy.eps>
l2hSize :tex2html_wrap16567:281.94542pt::0.0pt::468.0pt.
[78


]
l2hSize :tex2html_wrap_inline16613:8.0pt::8.0pt::32.93262pt.
[79


]
l2hSize :tex2html_wrap_inline16615:6.45676pt::0.0pt::6.55894pt.
[80


]
l2hSize :tex2html_wrap_inline16617:8.0pt::8.0pt::32.93262pt.
[81


]
l2hSize :tex2html_wrap_inline16621:12.00009pt::12.00009pt::79.64577pt.
[82


]
l2hSize :tex2html_wrap_inline16623:8.0pt::8.0pt::74.29956pt.
[83


]
l2hSize :tex2html_wrap_inline16625:8.0pt::8.0pt::22.82736pt.
[84


]
l2hSize :tex2html_wrap_inline16629:8.0pt::8.0pt::30.39578pt.
[85


]
l2hSize :tex2html_wrap_inline16631:6.45676pt::0.0pt::11.55896pt.
[86


]
l2hSize :tex2html_wrap_inline16634:6.95676pt::6.95676pt::24.95819pt.
[87


]
l2hSize :tex2html_wrap_inline16636:6.95676pt::6.95676pt::24.95819pt.
[88


]
l2hSize :tex2html_wrap_indisplay16668:7.44275pt::7.44275pt::178.95631pt.
[89


]
File: Figure/Q_vs_ber.eps Graphic file (type eps)
<Figure/Q_vs_ber.eps>
l2hSize :tex2html_wrap16672:211.45906pt::0.0pt::468.0pt.
[90


]
l2hSize :tex2html_wrap_inline16709:8.0pt::8.0pt::28.92354pt.
[91


]
l2hSize :tex2html_wrap_inline16711:9.79355pt::9.79355pt::19.10852pt.
[92


]
l2hSize :tex2html_wrap_inline16713:6.45676pt::0.0pt::5.5902pt.
[93


]
l2hSize :tex2html_wrap_indisplay16717:15.4051pt::15.4051pt::258.5037pt.
[94


]
l2hSize :tex2html_wrap_inline16719:7.09525pt::7.09525pt::5.19038pt.
[95


]
l2hSize :tex2html_wrap_inline16721:6.45676pt::0.0pt::6.93393pt.
[96


]
l2hSize :tex2html_wrap_inline16723:12.00009pt::12.00009pt::66.28737pt.
[97


]
l2hSize :tex2html_wrap_inline16725:7.44444pt::7.44444pt::49.90942pt.
[98


]
l2hSize :tex2html_wrap_inline16729:8.0pt::8.0pt::89.02419pt.
[99


]
l2hSize :tex2html_wrap_inline16731:7.44444pt::7.44444pt::26.31241pt.
[100


]
l2hSize :tex2html_wrap_inline16737:6.95676pt::6.95676pt::6.23274pt.
[101


]
l2hSize :tex2html_wrap_inline16742:8.14003pt::0.0pt::11.23604pt.
[102


]
l2hSize :tex2html_wrap_indisplay16746:14.20952pt::14.20952pt::53.70955pt.
[103


]
l2hSize :tex2html_wrap_inline16748:8.96901pt::8.96901pt::93.07066pt.
[104


]
l2hSize :tex2html_wrap_indisplay16752:12.00008pt::12.00008pt::254.35399pt.
[105


]
l2hSize :tex2html_wrap_indisplay16756:8.0pt::8.0pt::19.70927pt.
[106


]
l2hSize :tex2html_wrap_indisplay16757:14.76508pt::14.76508pt::234.90038pt.
[107


]
l2hSize :tex2html_wrap_inline16759:8.0pt::8.0pt::43.58667pt.
[108


]
l2hSize :tex2html_wrap_inline16761:6.45676pt::0.0pt::33.04497pt.
[109


]
l2hSize :tex2html_wrap_inline16763:7.33331pt::7.33331pt::52.15268pt.
[110


]
l2hSize :tex2html_wrap_inline16766:12.00009pt::12.00009pt::114.46979pt.
[111


]
l2hSize :tex2html_wrap_inline16768:6.95676pt::6.95676pt::9.99957pt.
[112


]
l2hSize :tex2html_wrap_inline16770:7.44444pt::7.44444pt::10.64227pt.
[113


]
l2hSize :tex2html_wrap_indisplay16772:14.20952pt::14.20952pt::63.28247pt.
[114


]
l2hSize :tex2html_wrap_indisplay16774:15.0001pt::15.0001pt::103.32304pt.
[115


]
l2hSize :tex2html_wrap_inline16776:7.44444pt::7.44444pt::10.81938pt.
[116


]
l2hSize :tex2html_wrap_inline16778:7.44444pt::7.44444pt::10.81938pt.
[117


]
l2hSize :tex2html_wrap_inline16780:6.95676pt::6.95676pt::13.9857pt.
[118


]
l2hSize :tex2html_wrap_inline16782:6.95676pt::6.95676pt::13.9857pt.
[119


]
l2hSize :tex2html_wrap_inline16784:7.44444pt::7.44444pt::14.17702pt.
[120


]
l2hSize :tex2html_wrap_indisplay16786:13.70952pt::13.70952pt::71.50398pt.
[121


]
l2hSize :tex2html_wrap_inline16788:7.44444pt::7.44444pt::32.51025pt.
[122


]
l2hSize :tex2html_wrap_inline16795:6.95676pt::6.95676pt::31.12709pt.
[123


]
l2hSize :tex2html_wrap_inline16797:7.44444pt::7.44444pt::10.64227pt.
[124


]
l2hSize :tex2html_wrap_inline16801:7.44444pt::7.44444pt::10.64227pt.
[125


]
l2hSize :tex2html_wrap_inline16803:8.14003pt::0.0pt::4.98602pt.
[126


]
l2hSize :tex2html_wrap_inline16805:7.44444pt::7.44444pt::23.36453pt.
[127


]
l2hSize :tex2html_wrap_indisplay16807:15.4051pt::15.4051pt::158.00342pt.
[128


]
l2hSize :tex2html_wrap_inline16809:10.25pt::10.25pt::93.49979pt.
[129


]
l2hSize :tex2html_wrap_indisplay16811:17.01508pt::17.01508pt::156.01515pt.
[130


]
l2hSize :tex2html_wrap_indisplay16813:12.05858pt::12.05858pt::168.43935pt.
[131


]
l2hSize :tex2html_wrap_inline16815:6.45676pt::0.0pt::7.0832pt.
[132


]
l2hSize :tex2html_wrap_inline16817:14.039pt::14.039pt::98.84009pt.
[133


]
l2hSize :tex2html_wrap_inline16823:12.00009pt::12.00009pt::62.2041pt.
[134


]
l2hSize :tex2html_wrap_inline16825:12.00009pt::12.00009pt::69.31181pt.
[135


]
l2hSize :tex2html_wrap_inline16827:8.0pt::8.0pt::42.86217pt.
[136


]
l2hSize :tex2html_wrap_indisplay16830:7.44444pt::7.44444pt::10.64227pt.
[137


]
l2hSize :tex2html_wrap_indisplay16834:15.4051pt::15.4051pt::34.62126pt.
[138


]
l2hSize :tex2html_wrap_indisplay16836:7.44444pt::7.44444pt::10.64227pt.
[139


]
l2hSize :tex2html_wrap_indisplay16840:17.03902pt::17.03902pt::109.28592pt.
[140


]
l2hSize :tex2html_wrap_inline16844:6.83331pt::0.0pt::9.05684pt.
[141


]
l2hSize :tex2html_wrap_inline16846:6.45676pt::0.0pt::3.27768pt.
[142


]
l2hSize :tex2html_wrap_inline16848:9.4245pt::0.0pt::12.26172pt.
[143


]
l2hSize :tex2html_wrap_inline16854:7.44444pt::7.44444pt::44.15266pt.
[144


]
l2hSize :tex2html_wrap_inline16856:8.0pt::8.0pt::23.41762pt.
[145


]
l2hSize :tex2html_wrap_inline16858:8.64003pt::8.64003pt::9.98604pt.
[146


]
l2hSize :tex2html_wrap_inline16860:8.64003pt::8.64003pt::93.77661pt.
[147


]
l2hSize :tex2html_wrap_inline16864:7.33331pt::7.33331pt::27.39008pt.
[148


]
l2hSize :tex2html_wrap_inline16866:7.44444pt::7.44444pt::28.97551pt.
[149


]
l2hSize :tex2html_wrap_inline16868:7.33331pt::7.33331pt::27.39008pt.
[150


]
l2hSize :tex2html_wrap_inline16870:7.44444pt::7.44444pt::28.97551pt.
[151


]
l2hSize :tex2html_wrap_inline16872:8.64003pt::8.64003pt::54.75363pt.
[152


]
l2hSize :tex2html_wrap_inline16874:9.9245pt::9.9245pt::54.75363pt.
[153


]
l2hSize :tex2html_wrap_inline16876:7.33331pt::7.33331pt::10.82977pt.
[154


]
l2hSize :tex2html_wrap_inline16878:8.0pt::8.0pt::15.15619pt.
[155


]
l2hSize :tex2html_wrap_inline16880:7.33331pt::7.33331pt::14.55923pt.
[156


]
l2hSize :tex2html_wrap_inline16887:6.95676pt::6.95676pt::10.98837pt.
[157


]
l2hSize :tex2html_wrap_indisplay16891:13.70952pt::13.70952pt::48.58205pt.
[158


]
l2hSize :tex2html_wrap_inline16893:7.33331pt::7.33331pt::16.7965pt.
[159


]
l2hSize :tex2html_wrap_inline16899:7.33331pt::7.33331pt::42.10843pt.
[160


]
l2hSize :tex2html_wrap_inline16904:8.64003pt::8.64003pt::69.04384pt.
[161


]
l2hSize :tex2html_wrap_inline16908:6.95676pt::6.95676pt::37.3438pt.
[162


]
l2hSize :tex2html_wrap_inline16910:8.0pt::8.0pt::39.38287pt.
[163


]
l2hSize :tex2html_wrap_inline16914:8.0pt::8.0pt::70.5251pt.
[164


]
l2hSize :tex2html_wrap_inline16916:6.83331pt::0.0pt::8.30893pt.
[165


]
l2hSize :tex2html_wrap_inline16918:7.33331pt::7.33331pt::48.26482pt.
[166


]
l2hSize :tex2html_wrap_inline16920:7.33331pt::7.33331pt::48.26482pt.
[167


]
l2hSize :tex2html_wrap_indisplay16922:14.20952pt::14.20952pt::104.73001pt.
[168


]
l2hSize :tex2html_wrap_indisplay16924:10.86893pt::10.86893pt::262.29198pt.
[169


]
l2hSize :tex2html_wrap_inline16926:8.0pt::8.0pt::28.64575pt.
[170


]
l2hSize :tex2html_wrap_inline16928:8.0pt::8.0pt::28.97015pt.
[171


]
l2hSize :tex2html_wrap_indisplay16932:14.76508pt::14.76508pt::104.28328pt.
[172


]
l2hSize :tex2html_wrap_inline16934:8.0pt::8.0pt::37.5797pt.
[173


]
l2hSize :tex2html_wrap_inline16936:8.0pt::8.0pt::47.39368pt.
[174


]
l2hSize :tex2html_wrap_inline16938:8.0pt::8.0pt::37.5797pt.
[175


]
l2hSize :tex2html_wrap_inline16940:8.0pt::8.0pt::55.62286pt.
[176


]
l2hSize :tex2html_wrap_inline16942:7.33331pt::7.33331pt::16.10205pt.
[177


]
l2hSize :tex2html_wrap_inline16948:10.03891pt::10.03891pt::90.67352pt.
[178


]
l2hSize :tex2html_wrap_indisplay16954:17.01508pt::17.01508pt::16.26448pt.
[179


]
l2hSize :tex2html_wrap_indisplay16958:15.0001pt::15.0001pt::155.47353pt.
[180


]
l2hSize :tex2html_wrap_indisplay16960:14.20952pt::14.20952pt::272.79218pt.
[181


]
l2hSize :tex2html_wrap_inline16962:9.00005pt::9.00005pt::121.23543pt.
[182


]
l2hSize :tex2html_wrap_inline16964:8.0pt::8.0pt::55.40254pt.
[183


]
l2hSize :tex2html_wrap_indisplay16966:15.4051pt::15.4051pt::193.69757pt.
[184


]
l2hSize :tex2html_wrap_inline16968:6.45676pt::0.0pt::6.00337pt.
[185


]
l2hSize :tex2html_wrap_inline16972:12.00008pt::12.00008pt::155.67207pt.
[186


]
l2hSize :tex2html_wrap_inline16974:8.0pt::8.0pt::84.48825pt.
[187


]
l2hSize :tex2html_wrap_indisplay16980:15.4051pt::15.4051pt::232.41121pt.
[188


]
l2hSize :tex2html_wrap_inline16988:8.0pt::8.0pt::30.11792pt.
[189


]
l2hSize :tex2html_wrap_indisplay16990:15.4051pt::15.4051pt::444.42235pt.
[190


]
l2hSize :tex2html_wrap_inline16992:7.4512pt::7.4512pt::45.75218pt.
[191


]
l2hSize :tex2html_wrap_inline16994:8.49002pt::0.0pt::4.66656pt.
[192


]
l2hSize :tex2html_wrap_inline16996:7.44444pt::7.44444pt::25.33676pt.
[193


]
l2hSize :tex2html_wrap_inline16998:6.95676pt::6.95676pt::10.70015pt.
[194


]
l2hSize :tex2html_wrap_inline17004:10.08334pt::10.08334pt::16.54857pt.
[195


]
l2hSize :tex2html_wrap_inline17006:8.0pt::8.0pt::24.79158pt.
[196


]
l2hSize :tex2html_wrap_inline17008:10.08334pt::10.08334pt::20.79901pt.
[197


]
l2hSize :tex2html_wrap_inline17010:8.0pt::8.0pt::25.70134pt.
[198


]
l2hSize :tex2html_wrap_inline17012:8.0pt::8.0pt::104.42688pt.
[199


]
l2hSize :tex2html_wrap_inline17020:6.45676pt::0.0pt::6.21516pt.
[200


]
l2hSize :tex2html_wrap_inline17022:6.86111pt::0.0pt::9.19429pt.
[201


]
l2hSize :tex2html_wrap_inline17028:6.95676pt::6.95676pt::5.76149pt.
[202


]
l2hSize :tex2html_wrap_inline17032:10.17221pt::10.17221pt::128.14569pt.
[203


]
l2hSize :tex2html_wrap_inline17038:7.44444pt::7.44444pt::18.97563pt.
[204


]
l2hSize :tex2html_wrap_inline17040:9.58334pt::0.0pt::3.68047pt.
[205


]
l2hSize :tex2html_wrap_inline17044:7.44444pt::7.44444pt::24.06593pt.
[206


]
l2hSize :tex2html_wrap_inline17046:7.14444pt::0.0pt::6.5728pt.
[207


]
l2hSize :tex2html_wrap_inline17050:10.08334pt::10.08334pt::37.6214pt.
[208


]
l2hSize :tex2html_wrap_inline17052:6.95676pt::6.95676pt::22.72206pt.
[209


]
l2hSize :tex2html_wrap_inline17058:9.00005pt::9.00005pt::41.42233pt.
[210


]
l2hSize :tex2html_wrap_inline17061:10.31114pt::10.31114pt::65.33528pt.
[211


]
l2hSize :tex2html_wrap_indisplay17063:10.17221pt::10.17221pt::48.9615pt.
[212


]
l2hSize :tex2html_wrap_indisplay17065:51.00047pt::51.00047pt::210.03804pt.
[213


]
l2hSize :tex2html_wrap_inline17067:10.31114pt::10.31114pt::72.51236pt.
[214


]
l2hSize :tex2html_wrap_inline17069:8.0pt::8.0pt::48.02066pt.
[215


]
l2hSize :tex2html_wrap_inline17071:7.22223pt::0.0pt::5.78578pt.
[216


]
l2hSize :tex2html_wrap_indisplay17073:39.00035pt::39.00035pt::93.8655pt.
[217


]
l2hSize :tex2html_wrap_inline17075:6.94444pt::0.0pt::5.47212pt.
[218


]
l2hSize :tex2html_wrap_inline17077:6.45676pt::0.0pt::5.16307pt.
[219


]
l2hSize :tex2html_wrap_inline17084:7.44444pt::7.44444pt::18.97563pt.
[220


]
l2hSize :tex2html_wrap_inline17086:8.94843pt::8.94843pt::44.92839pt.
[221


]
l2hSize :tex2html_wrap_inline17088:6.83331pt::0.0pt::13.92355pt.
[222


]
l2hSize :tex2html_wrap_inline17090:7.44444pt::7.44444pt::32.39929pt.
[223


]
l2hSize :tex2html_wrap_inline17094:7.33331pt::7.33331pt::14.18846pt.
[224


]
l2hSize :tex2html_wrap_inline17100:9.00005pt::9.00005pt::70.03636pt.
[225


]
l2hSize :tex2html_wrap_inline17102:8.94843pt::8.94843pt::34.31651pt.
[226


]
l2hSize :tex2html_wrap_indisplay17104:15.4051pt::15.4051pt::356.82764pt.
[227


]
l2hSize :tex2html_wrap_inline17112:6.83331pt::0.0pt::11.29155pt.
[228


]
l2hSize :tex2html_wrap_inline17120:6.95676pt::6.95676pt::11.21056pt.
[229


]
l2hSize :tex2html_wrap_indisplay17122:18.78339pt::18.78339pt::119.68188pt.
[230


]
l2hSize :tex2html_wrap_inline17124:8.0pt::8.0pt::33.8437pt.
[231


]
l2hSize :tex2html_wrap_inline17126:6.94444pt::0.0pt::6.02074pt.
[232


]
l2hSize :tex2html_wrap_inline17128:7.33331pt::7.33331pt::67.38867pt.
[233


]
l2hSize :tex2html_wrap_inline17134:7.44444pt::7.44444pt::57.36769pt.
[234


]
l2hSize :tex2html_wrap_indisplay17137:17.01508pt::17.01508pt::40.16031pt.
[235


]
l2hSize :tex2html_wrap_indisplay17141:11.57062pt::11.57062pt::69.56952pt.
[236


]
l2hSize :tex2html_wrap_inline17145:10.25pt::10.25pt::132.05417pt.
[237


]
l2hSize :tex2html_wrap_inline17149:9.82217pt::9.82217pt::143.25032pt.
[238


]
l2hSize :tex2html_wrap_indisplay17153:17.01508pt::17.01508pt::223.48201pt.
[239


]
l2hSize :tex2html_wrap_inline17155:9.82217pt::9.82217pt::215.56512pt.
[240


]
l2hSize :tex2html_wrap_inline17157:12.00009pt::12.00009pt::89.9455pt.
[241


]
l2hSize :tex2html_wrap_inline17159:7.44444pt::7.44444pt::33.39568pt.
[242


]
l2hSize :tex2html_wrap_inline17163:7.33331pt::7.33331pt::38.31119pt.
[243


]
l2hSize :tex2html_wrap_inline17169:7.44444pt::7.44444pt::80.38062pt.
[244


]
l2hSize :tex2html_wrap_indisplay17171:14.88892pt::14.88892pt::237.26538pt.
[245


]

Package amsmath Warning: Foreign command \atop;
(amsmath)                \frac or \genfrac should be used instead
(amsmath)                 on input line 2038.

l2hSize :tex2html_wrap_indisplay17173:19.59686pt::19.59686pt::234.97223pt.
[246


]
l2hSize :tex2html_wrap_inline17175:7.44444pt::7.44444pt::30.68503pt.
[247


]
l2hSize :tex2html_wrap_inline17177:6.45676pt::0.0pt::5.49991pt.
[248


]
l2hSize :tex2html_wrap_inline17181:6.95676pt::6.95676pt::84.20459pt.
[249


]
l2hSize :tex2html_wrap_inline17183:8.0pt::8.0pt::50.25256pt.
[250


]
l2hSize :tex2html_wrap_inline17187:7.44444pt::7.44444pt::16.01964pt.
[251


]
l2hSize :tex2html_wrap_inline17193:6.95676pt::6.95676pt::10.59737pt.
[252


]
l2hSize :tex2html_wrap_inline17201:6.95676pt::6.95676pt::59.72667pt.
[253


]
l2hSize :tex2html_wrap_inline17203:6.95676pt::6.95676pt::11.64459pt.
[254


]
l2hSize :tex2html_wrap_inline17207:7.44444pt::7.44444pt::15.06244pt.
[255


]
l2hSize :tex2html_wrap_inline17209:8.0pt::8.0pt::141.88487pt.
[256


]
l2hSize :tex2html_wrap_indisplay17212:14.20952pt::14.20952pt::21.06657pt.
[257


]
l2hSize :tex2html_wrap_indisplay17216:15.4051pt::15.4051pt::192.5487pt.
[258


]
l2hSize :tex2html_wrap_indisplay17218:19.59686pt::19.59686pt::235.84053pt.
[259


]
l2hSize :tex2html_wrap_inline17220:7.44444pt::7.44444pt::139.19662pt.
[260


]
l2hSize :tex2html_wrap_inline17224:6.95676pt::6.95676pt::86.42676pt.
[261


]
l2hSize :tex2html_wrap_inline17226:6.45676pt::0.0pt::10.49991pt.
[262


]
l2hSize :tex2html_wrap_inline17228:10.03891pt::10.03891pt::36.81244pt.
[263


]
l2hSize :tex2html_wrap_inline17230:8.0pt::8.0pt::101.98236pt.
[264


]
l2hSize :tex2html_wrap_inline17232:8.0pt::8.0pt::101.98236pt.
[265


]
l2hSize :tex2html_wrap_inline17236:10.03891pt::10.03891pt::69.8658pt.
[266


]
l2hSize :tex2html_wrap_inline17238:6.83331pt::0.0pt::9.0416pt.
[267


]
l2hSize :tex2html_wrap_indisplay17242:14.88892pt::14.88892pt::182.31737pt.
[268


]
l2hSize :tex2html_wrap_indisplay17251:21.00017pt::21.00017pt::349.78357pt.
[269


]
l2hSize :tex2html_wrap_inline17253:8.0pt::8.0pt::33.72563pt.
[270


]
l2hSize :tex2html_wrap_inline17255:8.0pt::8.0pt::51.96858pt.
[271


]
l2hSize :tex2html_wrap_inline17257:6.95676pt::6.95676pt::8.36798pt.
[272


]
l2hSize :tex2html_wrap_inline17259:7.33331pt::7.33331pt::12.802pt.
[273


]
l2hSize :tex2html_wrap_inline17266:8.0pt::8.0pt::29.38184pt.
[274


]
l2hSize :tex2html_wrap_indisplay17274:14.88892pt::14.88892pt::258.91219pt.
[275


]
l2hSize :tex2html_wrap_inline17276:6.95676pt::6.95676pt::31.58434pt.
[276


]
l2hSize :tex2html_wrap_inline17278:6.95676pt::6.95676pt::29.66344pt.
[277


]
l2hSize :tex2html_wrap_inline17280:6.94444pt::0.0pt::11.57631pt.
[278


]
l2hSize :tex2html_wrap_inline17282:8.0pt::8.0pt::84.59703pt.
[279


]
l2hSize :tex2html_wrap_indisplay17284:11.57639pt::11.57639pt::274.40292pt.
[280


]
l2hSize :tex2html_wrap_inline17286:7.44444pt::7.44444pt::17.72104pt.
[281


]
File: Figure/1ch_wdm.eps Graphic file (type eps)
<Figure/1ch_wdm.eps>
l2hSize :tex2html_wrap17294:175.75041pt::0.0pt::468.0pt.
[282


]
File: Figure/5ch_wdm.eps Graphic file (type eps)
<Figure/5ch_wdm.eps>
l2hSize :tex2html_wrap17295:175.75041pt::0.0pt::468.0pt.
[283


]
l2hSize :tex2html_wrap_inline17299:7.44444pt::7.44444pt::43.13878pt.
[284


]
l2hSize :tex2html_wrap_inline17301:6.83331pt::0.0pt::31.5033pt.
[285


]
l2hSize :tex2html_wrap_inline17303:7.33331pt::7.33331pt::50.50371pt.
[286


]
l2hSize :tex2html_wrap_inline17305:7.33331pt::7.33331pt::14.83426pt.
[287


]
l2hSize :tex2html_wrap_inline17307:8.0pt::8.0pt::79.68233pt.
[288


]
l2hSize :tex2html_wrap_inline17309:8.0pt::8.0pt::21.25687pt.
[289


]
l2hSize :tex2html_wrap_inline17311:8.0pt::8.0pt::163.8013pt.
[290


]
l2hSize :tex2html_wrap_inline17313:7.33331pt::7.33331pt::43.16753pt.
[291


]
l2hSize :tex2html_wrap_inline17315:7.33331pt::7.33331pt::43.16753pt.
[292


]
l2hSize :tex2html_wrap_inline17317:7.33331pt::7.33331pt::37.15363pt.
[293


]
l2hSize :tex2html_wrap_inline17319:7.33331pt::7.33331pt::18.82039pt.
[294


]
l2hSize :tex2html_wrap_inline17321:7.33331pt::7.33331pt::17.2901pt.
[295


]
l2hSize :tex2html_wrap_inline17323:7.33331pt::7.33331pt::67.94914pt.
[296


]
l2hSize :tex2html_wrap_inline17325:7.33331pt::7.33331pt::63.96301pt.
[297


]
l2hSize :tex2html_wrap_inline17327:7.44444pt::7.44444pt::39.4859pt.
[298


]
l2hSize :tex2html_wrap_inline17329:6.45676pt::0.0pt::25.49997pt.
[299


]
l2hSize :tex2html_wrap_inline17331:6.45676pt::0.0pt::30.49998pt.
[300


]
l2hSize :tex2html_wrap_inline17335:12.00008pt::12.00008pt::108.21185pt.
[301


]
l2hSize :tex2html_wrap_indisplay17337:21.00017pt::21.00017pt::319.93889pt.
[302


]
l2hSize :tex2html_wrap_indisplay17341:14.76508pt::14.76508pt::86.93669pt.
[303


]
l2hSize :tex2html_wrap_inline17343:6.83331pt::0.0pt::8.49161pt.
[304


]
l2hSize :tex2html_wrap_inline17345:7.33331pt::7.33331pt::50.6227pt.
[305


]
l2hSize :tex2html_wrap_inline17347:6.83331pt::0.0pt::7.39714pt.
[306


]
l2hSize :tex2html_wrap_inline17349:6.83331pt::0.0pt::10.17838pt.
[307


]
l2hSize :tex2html_wrap_indisplay17352:14.20952pt::14.20952pt::16.26448pt.
[308


]
l2hSize :tex2html_wrap_indisplay17356:7.33331pt::7.33331pt::14.89716pt.
[309


]
l2hSize :tex2html_wrap_indisplay17362:7.33331pt::7.33331pt::17.67839pt.
[310


]
l2hSize :tex2html_wrap_inline17368:6.83331pt::0.0pt::15.99162pt.
[311


]
l2hSize :tex2html_wrap_inline17370:6.45676pt::0.0pt::6.50224pt.
[312


]
l2hSize :tex2html_wrap_indisplay17372:14.76508pt::14.76508pt::107.9484pt.
[313


]
l2hSize :tex2html_wrap_indisplay17374:8.0pt::8.0pt::110.061pt.
[314


]
l2hSize :tex2html_wrap_indisplay17376:17.01393pt::17.01393pt::94.74104pt.
[315


]
l2hSize :tex2html_wrap_inline17378:6.83331pt::0.0pt::13.93494pt.
[316


]
l2hSize :tex2html_wrap_inline17386:8.0pt::8.0pt::52.02145pt.
[317


]
l2hSize :tex2html_wrap_inline17388:8.0pt::8.0pt::18.49646pt.
[318


]
l2hSize :tex2html_wrap_inline17390:7.33331pt::7.33331pt::12.69995pt.
[319


]
l2hSize :tex2html_wrap_inline17392:9.09729pt::9.09729pt::82.96039pt.
[320


]
l2hSize :tex2html_wrap_inline17394:8.0pt::8.0pt::38.30415pt.
[321


]
l2hSize :tex2html_wrap_inline17398:8.0pt::8.0pt::37.20969pt.
[322


]
l2hSize :tex2html_wrap_inline17400:8.0pt::8.0pt::39.99092pt.
[323


]
l2hSize :tex2html_wrap_indisplay17403:8.0pt::8.0pt::38.30415pt.
[324


]
l2hSize :tex2html_wrap_indisplay17407:9.14003pt::9.14003pt::205.84836pt.
[325


]
l2hSize :tex2html_wrap_indisplay17411:9.14003pt::9.14003pt::124.4603pt.
[326


]
l2hSize :tex2html_wrap_inline17413:9.00005pt::9.00005pt::28.81522pt.
[327


]
l2hSize :tex2html_wrap_inline17415:8.14003pt::0.0pt::10.07632pt.
[328


]
l2hSize :tex2html_wrap_inline17421:6.83331pt::0.0pt::46.98457pt.
[329


]
l2hSize :tex2html_wrap_inline17427:7.44444pt::7.44444pt::66.00337pt.
[330


]
l2hSize :tex2html_wrap_inline17429:6.95676pt::6.95676pt::27.96976pt.
[331


]
l2hSize :tex2html_wrap_inline17431:7.33331pt::7.33331pt::34.16559pt.
[332


]
l2hSize :tex2html_wrap_inline17433:6.83331pt::0.0pt::7.30547pt.
[333


]
l2hSize :tex2html_wrap_indisplay17435:8.0pt::8.0pt::289.01486pt.
[334


]
l2hSize :tex2html_wrap_inline17437:8.0pt::8.0pt::30.63881pt.
[335


]
l2hSize :tex2html_wrap_inline17439:9.00005pt::9.00005pt::28.81522pt.
[336


]
l2hSize :tex2html_wrap_indisplay17446:15.0001pt::15.0001pt::187.08118pt.
[337


]
l2hSize :tex2html_wrap_indisplay17452:15.0001pt::15.0001pt::189.86241pt.
[338


]
l2hSize :tex2html_wrap_inline17454:8.14003pt::0.0pt::10.07632pt.
[339


]
l2hSize :tex2html_wrap_indisplay17457:8.0pt::8.0pt::32.30544pt.
[340


]
l2hSize :tex2html_wrap_indisplay17461:15.0001pt::15.0001pt::273.4614pt.
[341


]
l2hSize :tex2html_wrap_indisplay17463:15.0001pt::15.0001pt::224.95589pt.
[342


]
l2hSize :tex2html_wrap_inline17465:8.0pt::8.0pt::35.07053pt.
[343


]
l2hSize :tex2html_wrap_indisplay17469:15.4051pt::15.4051pt::159.2389pt.
[344


]
l2hSize :tex2html_wrap_inline17471:8.0pt::8.0pt::45.58237pt.
[345


]
l2hSize :tex2html_wrap_inline17473:6.95676pt::6.95676pt::28.49408pt.
[346


]
l2hSize :tex2html_wrap_inline17475:7.44444pt::7.44444pt::51.39796pt.
[347


]
l2hSize :tex2html_wrap_inline17477:12.00008pt::12.00008pt::219.95068pt.
[348


]
l2hSize :tex2html_wrap_inline17479:10.03891pt::10.03891pt::87.13902pt.
[349


]
l2hSize :tex2html_wrap_indisplay17483:8.0pt::8.0pt::137.27791pt.
[350


]
l2hSize :tex2html_wrap_indisplay17491:8.0pt::8.0pt::95.8089pt.
[351


]
l2hSize :tex2html_wrap_inline17493:7.33331pt::7.33331pt::12.48604pt.
[352


]
l2hSize :tex2html_wrap_inline17495:7.33331pt::7.33331pt::12.48604pt.
[353


]
l2hSize :tex2html_wrap_indisplay17499:8.0pt::8.0pt::26.31703pt.
[354


]
l2hSize :tex2html_wrap_inline17501:8.0pt::8.0pt::33.21765pt.
[355


]
l2hSize :tex2html_wrap_inline17503:8.0pt::8.0pt::38.22118pt.
[356


]
l2hSize :tex2html_wrap_inline17505:8.0pt::8.0pt::33.40967pt.
[357


]
l2hSize :tex2html_wrap_inline17509:6.95676pt::6.95676pt::10.59372pt.
[358


]
l2hSize :tex2html_wrap_inline17511:7.44444pt::7.44444pt::47.00096pt.
[359


]
l2hSize :tex2html_wrap_indisplay17513:9.14003pt::9.14003pt::198.32205pt.
[360


]
l2hSize :tex2html_wrap_inline17515:8.14003pt::0.0pt::19.95593pt.
[361


]
l2hSize :tex2html_wrap_inline17517:9.00005pt::9.00005pt::29.4865pt.
[362


]
l2hSize :tex2html_wrap_inline17521:8.0pt::8.0pt::43.63869pt.
[363


]
l2hSize :tex2html_wrap_inline17523:6.95676pt::6.95676pt::29.01724pt.
[364


]
l2hSize :tex2html_wrap_inline17527:8.0pt::8.0pt::16.2615pt.
[365


]
l2hSize :tex2html_wrap_inline17531:10.03891pt::10.03891pt::39.40039pt.
[366


]
l2hSize :tex2html_wrap_inline17537:6.83331pt::0.0pt::9.70822pt.
[367


]
l2hSize :tex2html_wrap_indisplay17543:17.03902pt::17.03902pt::222.11098pt.
[368


]
l2hSize :tex2html_wrap_inline17547:8.0pt::8.0pt::56.39691pt.
[369


]
l2hSize :tex2html_wrap_inline17549:8.0pt::8.0pt::56.39691pt.
[370


]
l2hSize :tex2html_wrap_indisplay17551:13.70952pt::13.70952pt::141.35124pt.
[371


]
l2hSize :tex2html_wrap_inline17553:8.0pt::8.0pt::78.57513pt.
[372


]
l2hSize :tex2html_wrap_indisplay17555:13.70952pt::13.70952pt::78.735pt.
[373


]
l2hSize :tex2html_wrap_inline17557:6.95676pt::6.95676pt::23.28566pt.
[374


]
l2hSize :tex2html_wrap_inline17561:6.94444pt::0.0pt::6.26147pt.
[375


]
l2hSize :tex2html_wrap_inline17565:8.0pt::8.0pt::14.95245pt.
[376


]
l2hSize :tex2html_wrap_indisplay17567:17.98273pt::17.98273pt::149.69756pt.
[377


]
l2hSize :tex2html_wrap_inline17569:9.4245pt::0.0pt::9.46635pt.
[378


]
l2hSize :tex2html_wrap_inline17573:9.9245pt::9.9245pt::65.79155pt.
[379


]
l2hSize :tex2html_wrap_inline17577:9.9245pt::9.9245pt::28.56116pt.
[380


]
l2hSize :tex2html_wrap_inline17589:9.9245pt::9.9245pt::50.20584pt.
[381


]
l2hSize :tex2html_wrap_indisplay17591:13.70952pt::13.70952pt::145.22375pt.
[382


]
l2hSize :tex2html_wrap_inline17613:6.95676pt::6.95676pt::23.28566pt.
[383


]
l2hSize :tex2html_wrap_inline17617:7.33331pt::7.33331pt::14.56pt.
[384


] (./images.aux) ) 
Here is how much of TeX's memory you used:
 2930 strings out of 94102
 36474 string characters out of 1165833
 89882 words of memory out of 1500000
 6185 multiletter control sequences out of 10000+50000
 8458 words of font info for 28 fonts, out of 1200000 for 2000
 637 hyphenation exceptions out of 8191
 27i,11n,20p,470b,206s stack positions out of 5000i,500n,6000p,200000b,5000s

Output written on images.dvi (384 pages, 102504 bytes).
